Application/build/intermediates/manifest_merge_blame_file/release/manifest-merger-blame-release-report.txt
1<?xml version="1.0" encoding="utf-8"?>
2<manifest xmlns:android="http://schemas.android.com/apk/res/android"
3    package="ch.epfl.esl.blankphonewearapp"
4    android:versionCode="1"
5    android:versionName="1.0" >
6
7    <uses-sdk
8        android:minSdkVersion="23"
8-->src/main/AndroidManifest.xml
9        android:targetSdkVersion="26" />
9-->src/main/AndroidManifest.xml
10
11    <uses-permission android:name="android.permission.INTERNET" />
11-->src/main/AndroidManifest.xml:4:5-67
11-->src/main/AndroidManifest.xml:4:22-64
12    <uses-permission android:name="android.permission.WRITE_EXTERNAL_STORAGE" />
12-->src/main/AndroidManifest.xml:5:5-80
12-->src/main/AndroidManifest.xml:5:22-78
13    <uses-permission android:name="android.permission.READ_EXTERNAL_STORAGE" />
13-->src/main/AndroidManifest.xml:6:5-79
13-->src/main/AndroidManifest.xml:6:22-77
14    <uses-permission android:name="android.permission.INTERNET" />
14-->src/main/AndroidManifest.xml:4:5-67
14-->src/main/AndroidManifest.xml:4:22-64
15    <uses-permission android:name="android.permission.ACCESS_NETWORK_STATE" />
15-->src/main/AndroidManifest.xml:8:5-78
15-->src/main/AndroidManifest.xml:8:22-76
16    <uses-permission android:name="android.permission.READ_PHONE_STATE" />
16-->src/main/AndroidManifest.xml:9:5-74
16-->src/main/AndroidManifest.xml:9:22-72
17    <uses-permission android:name="android.permission.DOWNLOAD_WITHOUT_NOTIFICATION" />
17-->src/main/AndroidManifest.xml:10:5-88
17-->src/main/AndroidManifest.xml:10:22-85
18    <uses-permission android:name="android.permission.RECEIVE_BOOT_COMPLETED" />
18-->src/main/AndroidManifest.xml:11:5-81
18-->src/main/AndroidManifest.xml:11:22-78
19    <uses-permission android:name="android.permission.WAKE_LOCK" />
19-->src/main/AndroidManifest.xml:12:5-67
19-->src/main/AndroidManifest.xml:12:22-65
20    <uses-permission android:name="android.permission.CALL_PHONE" />
20-->src/main/AndroidManifest.xml:13:5-69
20-->src/main/AndroidManifest.xml:13:22-66
21
22    <meta-data
22-->[com.android.support:cardview-v7:25.3.1] AndroidManifest.xml:22:5-24:34
23        android:name="android.support.VERSION"
23-->[com.android.support:cardview-v7:25.3.1] AndroidManifest.xml:23:9-47
24        android:value="25.3.1" />
24-->[com.android.support:cardview-v7:25.3.1] AndroidManifest.xml:24:9-31
25
26    <application
26-->src/main/AndroidManifest.xml:14:5-50:19
27        android:allowBackup="true"
27-->src/main/AndroidManifest.xml:15:9-35
28        android:extractNativeLibs="false"
29        android:icon="@mipmap/ic_launcher"
29-->src/main/AndroidManifest.xml:16:9-43
30        android:label="@string/app_name"
30-->src/main/AndroidManifest.xml:17:9-41
31        android:testOnly="true"
32        android:theme="@style/Base.V23.Theme.AppCompat.Light" >
32-->src/main/AndroidManifest.xml:18:9-62
33        <service android:name="ch.epfl.esl.blankphonewearapp.MyIntentService" />
33-->src/main/AndroidManifest.xml:20:9-60
33-->src/main/AndroidManifest.xml:20:18-49
34
35        <receiver
35-->src/main/AndroidManifest.xml:21:9-68
36            android:name="ch.epfl.esl.blankphonewearapp.Alarm"
36-->src/main/AndroidManifest.xml:21:45-66
37            android:process=":remote" />
37-->src/main/AndroidManifest.xml:21:19-44
38
39        <service
39-->src/main/AndroidManifest.xml:23:9-27:19
40            android:name="ch.epfl.esl.blankphonewearapp.MyService"
40-->src/main/AndroidManifest.xml:24:13-38
41            android:enabled="true"
41-->src/main/AndroidManifest.xml:25:13-35
42            android:process=":my_service" >
42-->src/main/AndroidManifest.xml:26:13-42
43        </service>
44
45        <meta-data
45-->src/main/AndroidManifest.xml:29:9-31:69
46            android:name="com.google.android.gms.version"
46-->src/main/AndroidManifest.xml:30:13-58
47            android:value="@integer/google_play_services_version" />
47-->src/main/AndroidManifest.xml:31:13-66
48
49        <activity
49-->src/main/AndroidManifest.xml:33:9-43:20
50            android:name="ch.epfl.esl.blankphonewearapp.MainActivity"
50-->src/main/AndroidManifest.xml:34:13-41
51            android:label="@string/app_name"
51-->src/main/AndroidManifest.xml:35:13-45
52            android:launchMode="singleTask"
52-->src/main/AndroidManifest.xml:38:13-44
53            android:screenOrientation="portrait"
53-->src/main/AndroidManifest.xml:36:13-49
54            android:windowSoftInputMode="adjustNothing" >
54-->src/main/AndroidManifest.xml:37:13-56
55            <intent-filter>
55-->src/main/AndroidManifest.xml:39:13-42:29
56                <action android:name="android.intent.action.MAIN" />
56-->src/main/AndroidManifest.xml:40:17-69
56-->src/main/AndroidManifest.xml:40:25-66
57
58                <category android:name="android.intent.category.LAUNCHER" />
58-->src/main/AndroidManifest.xml:41:17-77
58-->src/main/AndroidManifest.xml:41:27-74
59            </intent-filter>
60        </activity>
61        <activity
61-->src/main/AndroidManifest.xml:46:9-49:20
62            android:name="ch.epfl.esl.blankphonewearapp.SecondActivity"
62-->src/main/AndroidManifest.xml:47:13-43
63            android:parentActivityName="ch.epfl.esl.blankphonewearapp.MainActivity" >
63-->src/main/AndroidManifest.xml:48:13-55
64        </activity>
65
66        <meta-data
66-->[Wear App sub-manifest] AndroidManifest.xml:6:9-7:69
67            android:name="com.google.android.wearable.beta.app"
67-->[Wear App sub-manifest] AndroidManifest.xml:6:20-71
68            android:resource="@xml/android_wear_micro_apk" />
68-->[Wear App sub-manifest] AndroidManifest.xml:7:20-66
69    </application>
70
71</manifest>